Sat May 27 13:12:43 CEST 2023 : Apache Derby Network Server - 10.15.2.0 - (1873585) started and ready to accept connections on port 1527
----------------------------------------------------------------
Sat May 27 13:13:44 CEST 2023:
Booting Derby version The Apache Software Foundation - Apache Derby - 10.15.2.0 - (1873585): instance a816c00e-0188-5ce9-26ff-ffffc21e15a8 
on database directory /root/landingpage/demodb with class loader jdk.internal.loader.ClassLoaders$AppClassLoader@55f96302 
Loaded from file:/root/db-derby-10.15.2.0-bin/lib/derby.jar
java.vendor=GraalVM Community
user.dir=/root/landingpage
os.name=Linux
os.arch=amd64
os.version=4.18.0-448.el8.x86_64
derby.system.home=/root/landingpage
Database Class Loader started - derby.database.classpath=''
Sat May 27 13:15:00 CEST 2023 Thread[DRDAConnThread_3,5,main] Cleanup action starting
java.sql.SQLException: Database 'mawi' not found.
	at org.apache.derby.impl.jdbc.SQLExceptionFactory.getSQLException(SQLExceptionFactory.java:115)
	at org.apache.derby.impl.jdbc.SQLExceptionFactory.getSQLException(SQLExceptionFactory.java:141)
	at org.apache.derby.impl.jdbc.Util.generateCsSQLException(Util.java:225)
	at org.apache.derby.impl.jdbc.Util.generateCsSQLException(Util.java:220)
	at org.apache.derby.impl.jdbc.EmbedConnection.newSQLException(EmbedConnection.java:3215)
	at org.apache.derby.impl.jdbc.EmbedConnection.handleDBNotFound(EmbedConnection.java:772)
	at org.apache.derby.impl.jdbc.EmbedConnection.<init>(EmbedConnection.java:442)
	at org.apache.derby.iapi.jdbc.InternalDriver$1.run(InternalDriver.java:660)
	at org.apache.derby.iapi.jdbc.InternalDriver$1.run(InternalDriver.java:656)
	at java.base/java.security.AccessController.doPrivileged(Native Method)
	at org.apache.derby.iapi.jdbc.InternalDriver.getNewEmbedConnection(InternalDriver.java:654)
	at org.apache.derby.iapi.jdbc.InternalDriver.connect(InternalDriver.java:300)
	at org.apache.derby.iapi.jdbc.InternalDriver.connect(InternalDriver.java:967)
	at org.apache.derby.jdbc.EmbeddedDriver.connect(EmbeddedDriver.java:125)
	at org.apache.derby.impl.drda.Database.makeConnection(Database.java:253)
	at org.apache.derby.impl.drda.DRDAConnThread.getConnFromDatabaseName(DRDAConnThread.java:1476)
	at org.apache.derby.impl.drda.DRDAConnThread.verifyUserIdPassword(DRDAConnThread.java:1426)
	at org.apache.derby.impl.drda.DRDAConnThread.parseSECCHK(DRDAConnThread.java:3380)
	at org.apache.derby.impl.drda.DRDAConnThread.parseDRDAConnection(DRDAConnThread.java:1210)
	at org.apache.derby.impl.drda.DRDAConnThread.processCommands(DRDAConnThread.java:1010)
	at org.apache.derby.impl.drda.DRDAConnThread.run(DRDAConnThread.java:300)
Caused by: ERROR XJ004: Database 'mawi' not found.
	at org.apache.derby.shared.common.error.StandardException.newException(StandardException.java:300)
	at org.apache.derby.impl.jdbc.SQLExceptionFactory.wrapArgsForTransportAcrossDRDA(SQLExceptionFactory.java:170)
	at org.apache.derby.impl.jdbc.SQLExceptionFactory.getSQLException(SQLExceptionFactory.java:75)
	... 20 more
============= begin nested exception, level (1) ===========
ERROR XJ004: Database 'mawi' not found.
	at org.apache.derby.shared.common.error.StandardException.newException(StandardException.java:300)
	at org.apache.derby.impl.jdbc.SQLExceptionFactory.wrapArgsForTransportAcrossDRDA(SQLExceptionFactory.java:170)
	at org.apache.derby.impl.jdbc.SQLExceptionFactory.getSQLException(SQLExceptionFactory.java:75)
	at org.apache.derby.impl.jdbc.SQLExceptionFactory.getSQLException(SQLExceptionFactory.java:141)
	at org.apache.derby.impl.jdbc.Util.generateCsSQLException(Util.java:225)
	at org.apache.derby.impl.jdbc.Util.generateCsSQLException(Util.java:220)
	at org.apache.derby.impl.jdbc.EmbedConnection.newSQLException(EmbedConnection.java:3215)
	at org.apache.derby.impl.jdbc.EmbedConnection.handleDBNotFound(EmbedConnection.java:772)
	at org.apache.derby.impl.jdbc.EmbedConnection.<init>(EmbedConnection.java:442)
	at org.apache.derby.iapi.jdbc.InternalDriver$1.run(InternalDriver.java:660)
	at org.apache.derby.iapi.jdbc.InternalDriver$1.run(InternalDriver.java:656)
	at java.base/java.security.AccessController.doPrivileged(Native Method)
	at org.apache.derby.iapi.jdbc.InternalDriver.getNewEmbedConnection(InternalDriver.java:654)
	at org.apache.derby.iapi.jdbc.InternalDriver.connect(InternalDriver.java:300)
	at org.apache.derby.iapi.jdbc.InternalDriver.connect(InternalDriver.java:967)
	at org.apache.derby.jdbc.EmbeddedDriver.connect(EmbeddedDriver.java:125)
	at org.apache.derby.impl.drda.Database.makeConnection(Database.java:253)
	at org.apache.derby.impl.drda.DRDAConnThread.getConnFromDatabaseName(DRDAConnThread.java:1476)
	at org.apache.derby.impl.drda.DRDAConnThread.verifyUserIdPassword(DRDAConnThread.java:1426)
	at org.apache.derby.impl.drda.DRDAConnThread.parseSECCHK(DRDAConnThread.java:3380)
	at org.apache.derby.impl.drda.DRDAConnThread.parseDRDAConnection(DRDAConnThread.java:1210)
	at org.apache.derby.impl.drda.DRDAConnThread.processCommands(DRDAConnThread.java:1010)
	at org.apache.derby.impl.drda.DRDAConnThread.run(DRDAConnThread.java:300)
============= end nested exception, level (1) ===========
Cleanup action completed
Sat May 27 13:15:00 CEST 2023 Thread[DRDAConnThread_3,5,main] (DATABASE = mawi), (DRDAID = {5}), Database 'mawi' not found.
Sat May 27 13:15:01 CEST 2023 Thread[DRDAConnThread_2,5,main] Cleanup action starting
java.sql.SQLException: Database 'mawi' not found.
	at org.apache.derby.impl.jdbc.SQLExceptionFactory.getSQLException(SQLExceptionFactory.java:115)
	at org.apache.derby.impl.jdbc.SQLExceptionFactory.getSQLException(SQLExceptionFactory.java:141)
	at org.apache.derby.impl.jdbc.Util.generateCsSQLException(Util.java:225)
	at org.apache.derby.impl.jdbc.Util.generateCsSQLException(Util.java:220)
	at org.apache.derby.impl.jdbc.EmbedConnection.newSQLException(EmbedConnection.java:3215)
	at org.apache.derby.impl.jdbc.EmbedConnection.handleDBNotFound(EmbedConnection.java:772)
	at org.apache.derby.impl.jdbc.EmbedConnection.<init>(EmbedConnection.java:442)
	at org.apache.derby.iapi.jdbc.InternalDriver$1.run(InternalDriver.java:660)
	at org.apache.derby.iapi.jdbc.InternalDriver$1.run(InternalDriver.java:656)
	at java.base/java.security.AccessController.doPrivileged(Native Method)
	at org.apache.derby.iapi.jdbc.InternalDriver.getNewEmbedConnection(InternalDriver.java:654)
	at org.apache.derby.iapi.jdbc.InternalDriver.connect(InternalDriver.java:300)
	at org.apache.derby.iapi.jdbc.InternalDriver.connect(InternalDriver.java:967)
	at org.apache.derby.jdbc.EmbeddedDriver.connect(EmbeddedDriver.java:125)
	at org.apache.derby.impl.drda.Database.makeConnection(Database.java:253)
	at org.apache.derby.impl.drda.DRDAConnThread.getConnFromDatabaseName(DRDAConnThread.java:1476)
	at org.apache.derby.impl.drda.DRDAConnThread.verifyUserIdPassword(DRDAConnThread.java:1426)
	at org.apache.derby.impl.drda.DRDAConnThread.parseSECCHK(DRDAConnThread.java:3380)
	at org.apache.derby.impl.drda.DRDAConnThread.parseDRDAConnection(DRDAConnThread.java:1210)
	at org.apache.derby.impl.drda.DRDAConnThread.processCommands(DRDAConnThread.java:1010)
	at org.apache.derby.impl.drda.DRDAConnThread.run(DRDAConnThread.java:300)
Caused by: ERROR XJ004: Database 'mawi' not found.
	at org.apache.derby.shared.common.error.StandardException.newException(StandardException.java:300)
	at org.apache.derby.impl.jdbc.SQLExceptionFactory.wrapArgsForTransportAcrossDRDA(SQLExceptionFactory.java:170)
	at org.apache.derby.impl.jdbc.SQLExceptionFactory.getSQLException(SQLExceptionFactory.java:75)
	... 20 more
============= begin nested exception, level (1) ===========
ERROR XJ004: Database 'mawi' not found.
	at org.apache.derby.shared.common.error.StandardException.newException(StandardException.java:300)
	at org.apache.derby.impl.jdbc.SQLExceptionFactory.wrapArgsForTransportAcrossDRDA(SQLExceptionFactory.java:170)
	at org.apache.derby.impl.jdbc.SQLExceptionFactory.getSQLException(SQLExceptionFactory.java:75)
	at org.apache.derby.impl.jdbc.SQLExceptionFactory.getSQLException(SQLExceptionFactory.java:141)
	at org.apache.derby.impl.jdbc.Util.generateCsSQLException(Util.java:225)
	at org.apache.derby.impl.jdbc.Util.generateCsSQLException(Util.java:220)
	at org.apache.derby.impl.jdbc.EmbedConnection.newSQLException(EmbedConnection.java:3215)
	at org.apache.derby.impl.jdbc.EmbedConnection.handleDBNotFound(EmbedConnection.java:772)
	at org.apache.derby.impl.jdbc.EmbedConnection.<init>(EmbedConnection.java:442)
	at org.apache.derby.iapi.jdbc.InternalDriver$1.run(InternalDriver.java:660)
	at org.apache.derby.iapi.jdbc.InternalDriver$1.run(InternalDriver.java:656)
	at java.base/java.security.AccessController.doPrivileged(Native Method)
	at org.apache.derby.iapi.jdbc.InternalDriver.getNewEmbedConnection(InternalDriver.java:654)
	at org.apache.derby.iapi.jdbc.InternalDriver.connect(InternalDriver.java:300)
	at org.apache.derby.iapi.jdbc.InternalDriver.connect(InternalDriver.java:967)
	at org.apache.derby.jdbc.EmbeddedDriver.connect(EmbeddedDriver.java:125)
	at org.apache.derby.impl.drda.Database.makeConnection(Database.java:253)
	at org.apache.derby.impl.drda.DRDAConnThread.getConnFromDatabaseName(DRDAConnThread.java:1476)
	at org.apache.derby.impl.drda.DRDAConnThread.verifyUserIdPassword(DRDAConnThread.java:1426)
	at org.apache.derby.impl.drda.DRDAConnThread.parseSECCHK(DRDAConnThread.java:3380)
	at org.apache.derby.impl.drda.DRDAConnThread.parseDRDAConnection(DRDAConnThread.java:1210)
	at org.apache.derby.impl.drda.DRDAConnThread.processCommands(DRDAConnThread.java:1010)
	at org.apache.derby.impl.drda.DRDAConnThread.run(DRDAConnThread.java:300)
============= end nested exception, level (1) ===========
Cleanup action completed
Sat May 27 13:15:01 CEST 2023 Thread[DRDAConnThread_2,5,main] (DATABASE = mawi), (DRDAID = {6}), Database 'mawi' not found.
----------------------------------------------------------------
Sat May 27 13:15:11 CEST 2023:
Booting Derby version The Apache Software Foundation - Apache Derby - 10.15.2.0 - (1873585): instance b74a0151-0188-5ce9-26ff-ffffc21e15a8 
on database directory /root/landingpage/mawi with class loader jdk.internal.loader.ClassLoaders$AppClassLoader@55f96302 
Loaded from file:/root/db-derby-10.15.2.0-bin/lib/derby.jar
java.vendor=GraalVM Community
user.dir=/root/landingpage
os.name=Linux
os.arch=amd64
os.version=4.18.0-448.el8.x86_64
derby.system.home=/root/landingpage
Database Class Loader started - derby.database.classpath=''
----------------------------------------------------------------
Sat May 27 13:16:42 CEST 2023:
Booting Derby version The Apache Software Foundation - Apache Derby - 10.15.2.0 - (1873585): instance d79b0299-0188-5ce9-26ff-ffffc21e15a8 
on database directory /root/landingpage/shopdb with class loader jdk.internal.loader.ClassLoaders$AppClassLoader@55f96302 
Loaded from file:/root/db-derby-10.15.2.0-bin/lib/derby.jar
java.vendor=GraalVM Community
user.dir=/root/landingpage
os.name=Linux
os.arch=amd64
os.version=4.18.0-448.el8.x86_64
derby.system.home=/root/landingpage
Database Class Loader started - derby.database.classpath=''
----------------------------------------------------------------
Sat May 27 13:18:25 CEST 2023:
Booting Derby version The Apache Software Foundation - Apache Derby - 10.15.2.0 - (1873585): instance 1a83c3fb-0188-5ce9-26ff-ffffc21e15a8 
on database directory /root/landingpage/root/demodb with class loader jdk.internal.loader.ClassLoaders$AppClassLoader@55f96302 
Loaded from file:/root/db-derby-10.15.2.0-bin/lib/derby.jar
java.vendor=GraalVM Community
user.dir=/root/landingpage
os.name=Linux
os.arch=amd64
os.version=4.18.0-448.el8.x86_64
derby.system.home=/root/landingpage
Database Class Loader started - derby.database.classpath=''
----------------------------------------------------------------
Sat May 27 13:19:30 CEST 2023:
Booting Derby version The Apache Software Foundation - Apache Derby - 10.15.2.0 - (1873585): instance 9cb7452a-0188-5ce9-26ff-ffffc21e15a8 
on database directory /root/landingpage/root/mawi with class loader jdk.internal.loader.ClassLoaders$AppClassLoader@55f96302 
Loaded from file:/root/db-derby-10.15.2.0-bin/lib/derby.jar
java.vendor=GraalVM Community
user.dir=/root/landingpage
os.name=Linux
os.arch=amd64
os.version=4.18.0-448.el8.x86_64
derby.system.home=/root/landingpage
Database Class Loader started - derby.database.classpath=''
----------------------------------------------------------------
Sat May 27 13:19:38 CEST 2023:
Booting Derby version The Apache Software Foundation - Apache Derby - 10.15.2.0 - (1873585): instance 08930659-0188-5ce9-26ff-ffffc21e15a8 
on database directory /root/landingpage/root/shopdb with class loader jdk.internal.loader.ClassLoaders$AppClassLoader@55f96302 
Loaded from file:/root/db-derby-10.15.2.0-bin/lib/derby.jar
java.vendor=GraalVM Community
user.dir=/root/landingpage
os.name=Linux
os.arch=amd64
os.version=4.18.0-448.el8.x86_64
derby.system.home=/root/landingpage
Database Class Loader started - derby.database.classpath=''
