1654324075459:install databases
1654324080044:--help
1654324082699:install
1654324090371:idemodatabase
1654324094058:install
1661337046010:help
1661337507583:install h2 database
1661337518126:idemodatabase getinstall
1681468780257:iresolvconf
1681468796984:iresolv
1681468816569:install resolvocnf
1681468846168:iresolvconf
1681469017870:iresolvconf resolvconf
1681469021581:resolvconf
1681469038263:idemodatabase data
1681469380630:iresolvconf
1681469390754:resolvconf
1681469392493:--hlep
1681469432502:idemodatabase sf
1681469439926:idemodatabase demodb
1681469457247:idemodatabase getinstall demodb
1681469557155:iresolvconf
1681469566993:resolvconf
1681469570635:install resolvocnf
1681469581228:idemodatabase getinstall demodb
1681469760751:iresolvconf
